# JRE version: Java(TM) SE Runtime Environment (7.0_79-b15) (build 1.7.0_79-b15)
# Java VM: Java HotSpot(TM) 64-Bit Server VM (24.79-b02 mixed mode bsd-amd64 compressed oops)
Heap
 PSYoungGen      total 374784K, used 53699K [0x00000007d5500000, 0x00000007f0f80000, 0x0000000800000000)
  eden space 370176K, 13% used [0x00000007d5500000,0x00000007d8568df8,0x00000007ebe80000)
  from space 4608K, 89% used [0x00000007ece00000,0x00000007ed207e40,0x00000007ed280000)
  to   space 41472K, 0% used [0x00000007ee700000,0x00000007ee700000,0x00000007f0f80000)
 ParOldGen       total 249344K, used 64415K [0x0000000780000000, 0x000000078f380000, 0x00000007d5500000)
  object space 249344K, 25% used [0x0000000780000000,0x0000000783ee7fa8,0x000000078f380000)
 PSPermGen       total 70656K, used 67374K [0x0000000760000000, 0x0000000764500000, 0x0000000780000000)
  object space 70656K, 95% used [0x0000000760000000,0x00000007641cb8e0,0x0000000764500000)
GC Heap History (10 events):
Event: 37580.897 GC heap before
{Heap before GC invocations=85 (full 27):
 PSYoungGen      total 424960K, used 419840K [0x00000007d5500000, 0x00000007f3d00000, 0x0000000800000000)
  eden space 419840K, 100% used [0x00000007d5500000,0x00000007eef00000,0x00000007eef00000)
  from space 5120K, 0% used [0x00000007eef00000,0x00000007eef00000,0x00000007ef400000)
  to   space 39936K, 0% used [0x00000007f1600000,0x00000007f1600000,0x00000007f3d00000)
 ParOldGen       total 249344K, used 64251K [0x0000000780000000, 0x000000078f380000, 0x00000007d5500000)
  object space 249344K, 25% used [0x0000000780000000,0x0000000783ebec98,0x000000078f380000)
 PSPermGen       total 70656K, used 67027K [0x0000000760000000, 0x0000000764500000, 0x0000000780000000)
  object space 70656K, 94% used [0x0000000760000000,0x0000000764174fd0,0x0000000764500000)
Event: 37580.943 GC heap after
Heap after GC invocations=85 (full 27):
 PSYoungGen      total 420864K, used 8412K [0x00000007d5500000, 0x00000007f2800000, 0x0000000800000000)
  eden space 402432K, 0% used [0x00000007d5500000,0x00000007d5500000,0x00000007ede00000)
  from space 18432K, 45% used [0x00000007f1600000,0x00000007f1e37300,0x00000007f2800000)
  to   space 37888K, 0% used [0x00000007ede00000,0x00000007ede00000,0x00000007f0300000)
 ParOldGen       total 249344K, used 64251K [0x0000000780000000, 0x000000078f380000, 0x00000007d5500000)
  object space 249344K, 25% used [0x0000000780000000,0x0000000783ebec98,0x000000078f380000)
 PSPermGen       total 70656K, used 67027K [0x0000000760000000, 0x0000000764500000, 0x0000000780000000)
  object space 70656K, 94% used [0x0000000760000000,0x0000000764174fd0,0x0000000764500000)
}
Event: 37765.317 GC heap before
{Heap before GC invocations=86 (full 27):
 PSYoungGen      total 420864K, used 410844K [0x00000007d5500000, 0x00000007f2800000, 0x0000000800000000)
  eden space 402432K, 100% used [0x00000007d5500000,0x00000007ede00000,0x00000007ede00000)
  from space 18432K, 45% used [0x00000007f1600000,0x00000007f1e37300,0x00000007f2800000)
  to   space 37888K, 0% used [0x00000007ede00000,0x00000007ede00000,0x00000007f0300000)
 ParOldGen       total 249344K, used 64251K [0x0000000780000000, 0x000000078f380000, 0x00000007d5500000)
  object space 249344K, 25% used [0x0000000780000000,0x0000000783ebec98,0x000000078f380000)
 PSPermGen       total 70656K, used 67366K [0x0000000760000000, 0x0000000764500000, 0x0000000780000000)
  object space 70656K, 95% used [0x0000000760000000,0x00000007641c9a48,0x0000000764500000)
Event: 37765.481 GC heap after
Heap after GC invocations=86 (full 27):
 PSYoungGen      total 423936K, used 37887K [0x00000007d5500000, 0x00000007f2700000, 0x0000000800000000)
  eden space 386048K, 0% used [0x00000007d5500000,0x00000007d5500000,0x00000007ece00000)
  from space 37888K, 99% used [0x00000007ede00000,0x00000007f02ffe28,0x00000007f0300000)
  to   space 36864K, 0% used [0x00000007f0300000,0x00000007f0300000,0x00000007f2700000)
 ParOldGen       total 249344K, used 65660K [0x0000000780000000, 0x000000078f380000, 0x00000007d5500000)
  object space 249344K, 26% used [0x0000000780000000,0x000000078401f270,0x000000078f380000)
 PSPermGen       total 70656K, used 67366K [0x0000000760000000, 0x0000000764500000, 0x0000000780000000)
  object space 70656K, 95% used [0x0000000760000000,0x00000007641c9a48,0x0000000764500000)
}
Event: 37773.722 GC heap before
{Heap before GC invocations=87 (full 27):
 PSYoungGen      total 423936K, used 95024K [0x00000007d5500000, 0x00000007f2700000, 0x0000000800000000)
  eden space 386048K, 14% used [0x00000007d5500000,0x00000007d8ccc508,0x00000007ece00000)
  from space 37888K, 99% used [0x00000007ede00000,0x00000007f02ffe28,0x00000007f0300000)
  to   space 36864K, 0% used [0x00000007f0300000,0x00000007f0300000,0x00000007f2700000)
 ParOldGen       total 249344K, used 65660K [0x0000000780000000, 0x000000078f380000, 0x00000007d5500000)
  object space 249344K, 26% used [0x0000000780000000,0x000000078401f270,0x000000078f380000)
 PSPermGen       total 70656K, used 67369K [0x0000000760000000, 0x0000000764500000, 0x0000000780000000)
  object space 70656K, 95% used [0x0000000760000000,0x00000007641ca5f8,0x0000000764500000)
Event: 37773.759 GC heap after
Heap after GC invocations=87 (full 27):
 PSYoungGen      total 416768K, used 14863K [0x00000007d5500000, 0x00000007f2100000, 0x0000000800000000)
  eden space 386048K, 0% used [0x00000007d5500000,0x00000007d5500000,0x00000007ece00000)
  from space 30720K, 48% used [0x00000007f0300000,0x00000007f1183f28,0x00000007f2100000)
  to   space 42496K, 0% used [0x00000007ece00000,0x00000007ece00000,0x00000007ef780000)
 ParOldGen       total 249344K, used 65660K [0x0000000780000000, 0x000000078f380000, 0x00000007d5500000)
  object space 249344K, 26% used [0x0000000780000000,0x000000078401f270,0x000000078f380000)
 PSPermGen       total 70656K, used 67369K [0x0000000760000000, 0x0000000764500000, 0x0000000780000000)
  object space 70656K, 95% used [0x0000000760000000,0x00000007641ca5f8,0x0000000764500000)
}
Event: 37773.759 GC heap before
{Heap before GC invocations=88 (full 28):
 PSYoungGen      total 416768K, used 14863K [0x00000007d5500000, 0x00000007f2100000, 0x0000000800000000)
  eden space 386048K, 0% used [0x00000007d5500000,0x00000007d5500000,0x00000007ece00000)
  from space 30720K, 48% used [0x00000007f0300000,0x00000007f1183f28,0x00000007f2100000)
  to   space 42496K, 0% used [0x00000007ece00000,0x00000007ece00000,0x00000007ef780000)
 ParOldGen       total 249344K, used 65660K [0x0000000780000000, 0x000000078f380000, 0x00000007d5500000)
  object space 249344K, 26% used [0x0000000780000000,0x000000078401f270,0x000000078f380000)
 PSPermGen       total 70656K, used 67369K [0x0000000760000000, 0x0000000764500000, 0x0000000780000000)
  object space 70656K, 95% used [0x0000000760000000,0x00000007641ca5f8,0x0000000764500000)
Event: 37774.350 GC heap after
Heap after GC invocations=88 (full 28):
 PSYoungGen      total 416768K, used 0K [0x00000007d5500000, 0x00000007f2100000, 0x0000000800000000)
  eden space 386048K, 0% used [0x00000007d5500000,0x00000007d5500000,0x00000007ece00000)
  from space 30720K, 0% used [0x00000007f0300000,0x00000007f0300000,0x00000007f2100000)
  to   space 42496K, 0% used [0x00000007ece00000,0x00000007ece00000,0x00000007ef780000)
 ParOldGen       total 249344K, used 64415K [0x0000000780000000, 0x000000078f380000, 0x00000007d5500000)
  object space 249344K, 25% used [0x0000000780000000,0x0000000783ee7fa8,0x000000078f380000)
 PSPermGen       total 70656K, used 67112K [0x0000000760000000, 0x0000000764500000, 0x0000000780000000)
  object space 70656K, 94% used [0x0000000760000000,0x000000076418a0f8,0x0000000764500000)
}
Event: 37881.896 GC heap before
{Heap before GC invocations=89 (full 28):
 PSYoungGen      total 416768K, used 386048K [0x00000007d5500000, 0x00000007f2100000, 0x0000000800000000)
  eden space 386048K, 100% used [0x00000007d5500000,0x00000007ece00000,0x00000007ece00000)
  from space 30720K, 0% used [0x00000007f0300000,0x00000007f0300000,0x00000007f2100000)
  to   space 42496K, 0% used [0x00000007ece00000,0x00000007ece00000,0x00000007ef780000)
 ParOldGen       total 249344K, used 64415K [0x0000000780000000, 0x000000078f380000, 0x00000007d5500000)
  object space 249344K, 25% used [0x0000000780000000,0x0000000783ee7fa8,0x000000078f380000)
 PSPermGen       total 70656K, used 67374K [0x0000000760000000, 0x0000000764500000, 0x0000000780000000)
  object space 70656K, 95% used [0x0000000760000000,0x00000007641cb8e0,0x0000000764500000)
Event: 37881.920 GC heap after
Heap after GC invocations=89 (full 28):
 PSYoungGen      total 374784K, used 4127K [0x00000007d5500000, 0x00000007f0f80000, 0x0000000800000000)
  eden space 370176K, 0% used [0x00000007d5500000,0x00000007d5500000,0x00000007ebe80000)
  from space 4608K, 89% used [0x00000007ece00000,0x00000007ed207e40,0x00000007ed280000)
  to   space 41472K, 0% used [0x00000007ee700000,0x00000007ee700000,0x00000007f0f80000)
 ParOldGen       total 249344K, used 64415K [0x0000000780000000, 0x000000078f380000, 0x00000007d5500000)
  object space 249344K, 25% used [0x0000000780000000,0x0000000783ee7fa8,0x000000078f380000)
 PSPermGen       total 70656K, used 67374K [0x0000000760000000, 0x0000000764500000, 0x0000000780000000)
  object space 70656K, 95% used [0x0000000760000000,0x00000007641cb8e0,0x0000000764500000)
}

